<?xml version="1.0" encoding="UTF-8"?>
<!-- Generated by org.testng.reporters.JUnitReportReporter -->
<testsuite hostname="LAPTOP-HJTMS2OB" failures="0" tests="1" name="runner.TestRunner" time="13.068" errors="0" timestamp="2025-09-15T22:21:42 IST" skipped="0">
  <testcase classname="runner.TestRunner" name="runScenario" time="13.068"/>
</testsuite> <!-- runner.TestRunner -->
